<?xml version="1.0" encoding="UTF-8"?>
<!-- Generated by org.testng.reporters.JUnitReportReporter -->
<testsuite hostname="SWAPNIL" failures="0" tests="1" name="test.CartTest" time="17.484" errors="0" timestamp="2024-07-02T18:14:39 IST" skipped="0">
  <testcase classname="test.CartTest" name="verifyAmountsInCart" time="17.484"/>
</testsuite> <!-- test.CartTest -->
